Using pre-set license
Built from '2020.3/staging' branch; Version is '2020.3.5f1 (8095aa901b9b) revision 8426922'; Using compiler version '192528614'; Build Type 'Release'
OS: 'Windows 10 Home; OS build 19041.1052; Version 2004; 64bit' Language: 'en' Physical Memory: 32719 MB
BatchMode: 1, IsHumanControllingUs: 0, StartBugReporterOnCrash: 0, Is64bit: 1, IsPro: 0

 COMMAND LINE ARGUMENTS:
Z:\2020.3.5f1\Editor\Unity.exe
-adb2
-batchMode
-noUpm
-name
AssetImportWorker0
-projectPath
Z:/Documents_too/Unity Folders/PhygitalRealities_HDRP
-logFile
Logs/AssetImportWorker0.log
-srvPort
52259
Successfully changed project path to: Z:/Documents_too/Unity Folders/PhygitalRealities_HDRP
Z:/Documents_too/Unity Folders/PhygitalRealities_HDRP
Using Asset Import Pipeline V2.
Refreshing native plugins compatible for Editor in 382.47 ms, found 0 plugins.
Preloading 0 native plugins for Editor in 0.00 ms.
Initialize engine version: 2020.3.5f1 (8095aa901b9b)
[Subsystems] Discovering subsystems at path Z:/2020.3.5f1/Editor/Data/Resources/UnitySubsystems
[Subsystems] Discovering subsystems at path Z:/Documents_too/Unity Folders/PhygitalRealities_HDRP/Assets
GfxDevice: creating device client; threaded=0
Direct3D:
    Version:  Direct3D 11.0 [level 11.1]
    Renderer: NVIDIA GeForce GTX 1080 (ID=0x1b80)
    Vendor:   
    VRAM:     8079 MB
    Driver:   27.21.14.6611
Initialize mono
Mono path[0] = 'Z:/2020.3.5f1/Editor/Data/Managed'
Mono path[1] = 'Z:/2020.3.5f1/Editor/Data/MonoBleedingEdge/lib/mono/unityjit'
Mono config path = 'Z:/2020.3.5f1/Editor/Data/MonoBleedingEdge/etc'
Using monoOptions --debugger-agent=transport=dt_socket,embedding=1,server=y,suspend=n,address=127.0.0.1:56528
Begin MonoManager ReloadAssembly
Registering precompiled unity dll's ...
Register platform support module: Z:/2020.3.5f1/Editor/Data/PlaybackEngines/WebGLSupport/UnityEditor.WebGL.Extensions.dll
Register platform support module: Z:/2020.3.5f1/Editor/Data/PlaybackEngines/WindowsStandaloneSupport/UnityEditor.WindowsStandalone.Extensions.dll
Registered in 0.007368 seconds.
Native extension for WindowsStandalone target not found
Native extension for WebGL target not found
Refreshing native plugins compatible for Editor in 242.53 ms, found 0 plugins.
Preloading 0 native plugins for Editor in 0.00 ms.
Mono: successfully reloaded assembly
- Completed reload, in  6.010 seconds
Platform modules already initialized, skipping
Registering precompiled user dll's ...
Registered in 0.006613 seconds.
Begin MonoManager ReloadAssembly
Native extension for WindowsStandalone target not found
Native extension for WebGL target not found
Refreshing native plugins compatible for Editor in 247.89 ms, found 0 plugins.
Preloading 0 native plugins for Editor in 0.00 ms.
Mono: successfully reloaded assembly
- Completed reload, in  4.652 seconds
Platform modules already initialized, skipping
========================================================================
Worker process is ready to serve import requests
Launched and connected shader compiler UnityShaderCompiler.exe after 0.23 seconds
Refreshing native plugins compatible for Editor in 5.22 ms, found 0 plugins.
Preloading 0 native plugins for Editor in 0.00 ms.
Unloading 3545 Unused Serialized files (Serialized files now loaded: 0)
System memory in use before: 177.2 MB.
System memory in use after: 177.4 MB.

Unloading 11 unused Assets to reduce memory usage. Loaded Objects now: 4006.
Total: 9.191400 ms (FindLiveObjects: 1.162100 ms CreateObjectMapping: 0.677600 ms MarkObjects: 7.041600 ms  DeleteObjects: 0.305300 ms)

========================================================================
Received Import Request.
  path: Assets/SampleSceneAssets/TutorialInfo/Readme.asset
  artifactKey: Guid(83c2ed844a8c74b779a4c823d16594b1) Importer(815301076,1909f56bfc062723c751e8b465ee728b)
Start importing Assets/SampleSceneAssets/TutorialInfo/Readme.asset using Guid(83c2ed844a8c74b779a4c823d16594b1) Importer(815301076,1909f56bfc062723c751e8b465ee728b)  -> (artifact id: 'b3039578bf6f9ff2faf0de051930539e') in 0.125328 seconds
  Import took 0.142992 seconds .

========================================================================
Received Import Request.
  Time since last request: 160.910730 seconds.
  path: Assets/Scenes
  artifactKey: Guid(7334bc308cb28a741b6757d82f7bf096) Importer(815301076,1909f56bfc062723c751e8b465ee728b)
Start importing Assets/Scenes using Guid(7334bc308cb28a741b6757d82f7bf096) Importer(815301076,1909f56bfc062723c751e8b465ee728b)  -> (artifact id: '16c1472159d3b481ded323b7e0612641') in 0.032603 seconds
  Import took 0.045683 seconds .

========================================================================
Received Import Request.
  Time since last request: 0.023084 seconds.
  path: Assets/Scenes
  artifactKey: Guid(7334bc308cb28a741b6757d82f7bf096) Importer(815301076,1909f56bfc062723c751e8b465ee728b)
Start importing Assets/Scenes using Guid(7334bc308cb28a741b6757d82f7bf096) Importer(815301076,1909f56bfc062723c751e8b465ee728b)  -> (artifact id: '16c1472159d3b481ded323b7e0612641') in 0.008902 seconds
  Import took 0.026262 seconds .

========================================================================
Received Import Request.
  Time since last request: 0.986900 seconds.
  path: Assets/Scenes/DemoMechanics.unity
  artifactKey: Guid(c4ae5ba789081954ea0d83202adf3dc7) Importer(815301076,1909f56bfc062723c751e8b465ee728b)
Start importing Assets/Scenes/DemoMechanics.unity using Guid(c4ae5ba789081954ea0d83202adf3dc7) Importer(815301076,1909f56bfc062723c751e8b465ee728b)  -> (artifact id: '6e1e3774689279146d71f849153f14c9') in 0.024778 seconds
  Import took 0.042812 seconds .

========================================================================
Received Import Request.
  Time since last request: 5.408079 seconds.
  path: Assets/Scenes/DemoScene_01.unity
  artifactKey: Guid(5ea338fe7736715498ab2698c2e2ac98) Importer(815301076,1909f56bfc062723c751e8b465ee728b)
Start importing Assets/Scenes/DemoScene_01.unity using Guid(5ea338fe7736715498ab2698c2e2ac98) Importer(815301076,1909f56bfc062723c751e8b465ee728b)  -> (artifact id: '4eac0ba1773cd888c8538a750c0f78dc') in 0.022702 seconds
  Import took 0.038458 seconds .

AssetImportWorkerClient::OnTransportError - code=2 error=End of file
