Using pre-set license
Built from '2020.3/staging' branch; Version is '2020.3.5f1 (8095aa901b9b) revision 8426922'; Using compiler version '192528614'; Build Type 'Release'
OS: 'Windows 10 Home; OS build 19041.1052; Version 2004; 64bit' Language: 'en' Physical Memory: 32719 MB
BatchMode: 1, IsHumanControllingUs: 0, StartBugReporterOnCrash: 0, Is64bit: 1, IsPro: 0

 COMMAND LINE ARGUMENTS:
Z:\2020.3.5f1\Editor\Unity.exe
-adb2
-batchMode
-noUpm
-name
AssetImportWorker0
-projectPath
Z:/Documents_too/Unity Folders/PhygitalRealities_HDRP
-logFile
Logs/AssetImportWorker0.log
-srvPort
57092
Successfully changed project path to: Z:/Documents_too/Unity Folders/PhygitalRealities_HDRP
Z:/Documents_too/Unity Folders/PhygitalRealities_HDRP
Using Asset Import Pipeline V2.
Refreshing native plugins compatible for Editor in 140.19 ms, found 0 plugins.
Preloading 0 native plugins for Editor in 0.00 ms.
Initialize engine version: 2020.3.5f1 (8095aa901b9b)
[Subsystems] Discovering subsystems at path Z:/2020.3.5f1/Editor/Data/Resources/UnitySubsystems
[Subsystems] Discovering subsystems at path Z:/Documents_too/Unity Folders/PhygitalRealities_HDRP/Assets
GfxDevice: creating device client; threaded=0
Direct3D:
    Version:  Direct3D 11.0 [level 11.1]
    Renderer: NVIDIA GeForce GTX 1080 (ID=0x1b80)
    Vendor:   
    VRAM:     8079 MB
    Driver:   27.21.14.6611
Initialize mono
Mono path[0] = 'Z:/2020.3.5f1/Editor/Data/Managed'
Mono path[1] = 'Z:/2020.3.5f1/Editor/Data/MonoBleedingEdge/lib/mono/unityjit'
Mono config path = 'Z:/2020.3.5f1/Editor/Data/MonoBleedingEdge/etc'
Using monoOptions --debugger-agent=transport=dt_socket,embedding=1,server=y,suspend=n,address=127.0.0.1:56932
Begin MonoManager ReloadAssembly
Registering precompiled unity dll's ...
Register platform support module: Z:/2020.3.5f1/Editor/Data/PlaybackEngines/WebGLSupport/UnityEditor.WebGL.Extensions.dll
Register platform support module: Z:/2020.3.5f1/Editor/Data/PlaybackEngines/WindowsStandaloneSupport/UnityEditor.WindowsStandalone.Extensions.dll
Registered in 0.002210 seconds.
Native extension for WindowsStandalone target not found
Native extension for WebGL target not found
Refreshing native plugins compatible for Editor in 155.10 ms, found 0 plugins.
Preloading 0 native plugins for Editor in 0.00 ms.
Mono: successfully reloaded assembly
- Completed reload, in  2.935 seconds
Platform modules already initialized, skipping
Registering precompiled user dll's ...
Registered in 0.002342 seconds.
Begin MonoManager ReloadAssembly
Native extension for WindowsStandalone target not found
Native extension for WebGL target not found
Refreshing native plugins compatible for Editor in 156.02 ms, found 0 plugins.
Preloading 0 native plugins for Editor in 0.00 ms.
Mono: successfully reloaded assembly
- Completed reload, in  2.500 seconds
Platform modules already initialized, skipping
========================================================================
Worker process is ready to serve import requests
Launched and connected shader compiler UnityShaderCompiler.exe after 0.15 seconds
Refreshing native plugins compatible for Editor in 1.05 ms, found 0 plugins.
Preloading 0 native plugins for Editor in 0.00 ms.
Unloading 3548 Unused Serialized files (Serialized files now loaded: 0)
System memory in use before: 179.7 MB.
System memory in use after: 176.8 MB.

Unloading 42 unused Assets to reduce memory usage. Loaded Objects now: 3980.
Total: 8.021600 ms (FindLiveObjects: 0.571600 ms CreateObjectMapping: 0.255300 ms MarkObjects: 3.726500 ms  DeleteObjects: 3.466100 ms)

========================================================================
Received Import Request.
  path: Assets/Skyboxes_theo/Skybox_Clear_Sky
  artifactKey: Guid(bf430686af4b6694e816afc01cc5eedf) Importer(815301076,1909f56bfc062723c751e8b465ee728b)
Start importing Assets/Skyboxes_theo/Skybox_Clear_Sky using Guid(bf430686af4b6694e816afc01cc5eedf) Importer(815301076,1909f56bfc062723c751e8b465ee728b)  -> (artifact id: 'ea38bd75d79fadb033deb6c6bd723bc9') in 0.019508 seconds
  Import took 0.028691 seconds .

========================================================================
Received Import Request.
  Time since last request: 3.604147 seconds.
  path: Assets/SampleSceneAssets/Meshes/Lighting/ShadowProxy_01.fbx
  artifactKey: Guid(0b169a69f4f407145aa55021891e64fa) Importer(815301076,1909f56bfc062723c751e8b465ee728b)
Start importing Assets/SampleSceneAssets/Meshes/Lighting/ShadowProxy_01.fbx using Guid(0b169a69f4f407145aa55021891e64fa) Importer(815301076,1909f56bfc062723c751e8b465ee728b) Launched and connected shader compiler UnityShaderCompiler.exe after 0.14 seconds
Launched and connected shader compiler UnityShaderCompiler.exe after 0.14 seconds
Launched and connected shader compiler UnityShaderCompiler.exe after 0.14 seconds
Launched and connected shader compiler UnityShaderCompiler.exe after 0.15 seconds
Launched and connected shader compiler UnityShaderCompiler.exe after 0.14 seconds
Launched and connected shader compiler UnityShaderCompiler.exe after 0.14 seconds
Launched and connected shader compiler UnityShaderCompiler.exe after 0.17 seconds
Launched and connected shader compiler UnityShaderCompiler.exe after 0.15 seconds
Launched and connected shader compiler UnityShaderCompiler.exe after 0.15 seconds
Launched and connected shader compiler UnityShaderCompiler.exe after 0.15 seconds
Launched and connected shader compiler UnityShaderCompiler.exe after 0.15 seconds
Launched and connected shader compiler UnityShaderCompiler.exe after 0.16 seconds
Launched and connected shader compiler UnityShaderCompiler.exe after 0.16 seconds
Launched and connected shader compiler UnityShaderCompiler.exe after 0.15 seconds
Launched and connected shader compiler UnityShaderCompiler.exe after 0.15 seconds
 -> (artifact id: 'a96a96cfb44c31367fce3af25073eb9f') in 3.799910 seconds
  Import took 3.811134 seconds .

========================================================================
Received Import Request.
  Time since last request: 13.810468 seconds.
  path: Assets/SampleSceneAssets/Particles/ButterFlies.vfx
  artifactKey: Guid(3ccc63e203e655541916b8baf4eba847) Importer(815301076,1909f56bfc062723c751e8b465ee728b)
Start importing Assets/SampleSceneAssets/Particles/ButterFlies.vfx using Guid(3ccc63e203e655541916b8baf4eba847) Importer(815301076,1909f56bfc062723c751e8b465ee728b)  -> (artifact id: 'e0a92eeef00a01bcf11c1f0a2fbbc43f') in 0.023854 seconds
  Import took 0.032823 seconds .

========================================================================
Received Import Request.
  Time since last request: 0.000297 seconds.
  path: Assets/SampleSceneAssets/Particles/FallingLeaves.vfx
  artifactKey: Guid(bf2740e433dd7c74790d9025218fb541) Importer(815301076,1909f56bfc062723c751e8b465ee728b)
Start importing Assets/SampleSceneAssets/Particles/FallingLeaves.vfx using Guid(bf2740e433dd7c74790d9025218fb541) Importer(815301076,1909f56bfc062723c751e8b465ee728b)  -> (artifact id: 'a68814d68760ac721d92708f35bfa957') in 0.016199 seconds
  Import took 0.026353 seconds .

========================================================================
Received Import Request.
  Time since last request: 0.000242 seconds.
  path: Assets/SampleSceneAssets/Particles/FloatingDust.vfx
  artifactKey: Guid(49807342fca141243b63eda5ee636c9d) Importer(815301076,1909f56bfc062723c751e8b465ee728b)
Start importing Assets/SampleSceneAssets/Particles/FloatingDust.vfx using Guid(49807342fca141243b63eda5ee636c9d) Importer(815301076,1909f56bfc062723c751e8b465ee728b)  -> (artifact id: '6c80da83ebba394cddc56058a665dee0') in 0.015964 seconds
  Import took 0.025570 seconds .

========================================================================
Received Import Request.
  Time since last request: 4.238303 seconds.
  path: Assets/SampleSceneAssets/Settings/DiffusionProfiles/BambooLeaves.asset
  artifactKey: Guid(5a9a2dc462c7bde4f86d0615a19c2c72) Importer(815301076,1909f56bfc062723c751e8b465ee728b)
Start importing Assets/SampleSceneAssets/Settings/DiffusionProfiles/BambooLeaves.asset using Guid(5a9a2dc462c7bde4f86d0615a19c2c72) Importer(815301076,1909f56bfc062723c751e8b465ee728b)  -> (artifact id: 'e2046eafaf78aeeb7fda1735bdaaf802') in 0.016613 seconds
  Import took 0.026323 seconds .

========================================================================
Received Import Request.
  Time since last request: 0.000745 seconds.
  path: Assets/SampleSceneAssets/Settings/DiffusionProfiles/Skin.asset
  artifactKey: Guid(26bdddf49760c61438938733f07fa2a2) Importer(815301076,1909f56bfc062723c751e8b465ee728b)
Start importing Assets/SampleSceneAssets/Settings/DiffusionProfiles/Skin.asset using Guid(26bdddf49760c61438938733f07fa2a2) Importer(815301076,1909f56bfc062723c751e8b465ee728b)  -> (artifact id: '91c1f1b6020ed3ddb646bf526a03b4d5') in 0.020283 seconds
  Import took 0.033329 seconds .

========================================================================
Received Import Request.
  Time since last request: 0.000339 seconds.
  path: Assets/SampleSceneAssets/Settings/DiffusionProfiles/Foliage.asset
  artifactKey: Guid(78322c7f82657514ebe48203160e3f39) Importer(815301076,1909f56bfc062723c751e8b465ee728b)
Start importing Assets/SampleSceneAssets/Settings/DiffusionProfiles/Foliage.asset using Guid(78322c7f82657514ebe48203160e3f39) Importer(815301076,1909f56bfc062723c751e8b465ee728b)  -> (artifact id: '83297b2aaa8e1d836307f46c0aa64f53') in 0.034209 seconds
  Import took 0.043320 seconds .

========================================================================
Received Import Request.
  Time since last request: 0.228106 seconds.
  path: Assets/SampleSceneAssets/Settings/Volumes/CinematicPhysicalCamera.asset
  artifactKey: Guid(59a34a3881431c246b3564a0f0ca5bb0) Importer(815301076,1909f56bfc062723c751e8b465ee728b)
Start importing Assets/SampleSceneAssets/Settings/Volumes/CinematicPhysicalCamera.asset using Guid(59a34a3881431c246b3564a0f0ca5bb0) Importer(815301076,1909f56bfc062723c751e8b465ee728b)  -> (artifact id: '6684e4b30d655f58e4f2df47df72bc41') in 0.019287 seconds
  Import took 0.028187 seconds .

========================================================================
Received Import Request.
  Time since last request: 0.000231 seconds.
  path: Assets/SampleSceneAssets/Settings/Volumes/VolumeRoom1.asset
  artifactKey: Guid(bd6d234073408c44ca3828113aac655e) Importer(815301076,1909f56bfc062723c751e8b465ee728b)
Start importing Assets/SampleSceneAssets/Settings/Volumes/VolumeRoom1.asset using Guid(bd6d234073408c44ca3828113aac655e) Importer(815301076,1909f56bfc062723c751e8b465ee728b)  -> (artifact id: 'c78fe138cc4a7f94661f589155405c42') in 0.016884 seconds
  Import took 0.025087 seconds .

========================================================================
Received Import Request.
  Time since last request: 0.000268 seconds.
  path: Assets/SampleSceneAssets/Settings/Volumes/VolumeGlobal.asset
  artifactKey: Guid(7f342610b85f4164f808a1f380dcc668) Importer(815301076,1909f56bfc062723c751e8b465ee728b)
Start importing Assets/SampleSceneAssets/Settings/Volumes/VolumeGlobal.asset using Guid(7f342610b85f4164f808a1f380dcc668) Importer(815301076,1909f56bfc062723c751e8b465ee728b)  -> (artifact id: '8de7ecd1c1748a95394ad05d8ee57922') in 0.015274 seconds
  Import took 0.024839 seconds .

========================================================================
Received Import Request.
  Time since last request: 0.000247 seconds.
  path: Assets/SampleSceneAssets/Settings/Volumes/VolumeRoom3Sitting.asset
  artifactKey: Guid(7bca3a07cdd522c4c8020832c20b3eae) Importer(815301076,1909f56bfc062723c751e8b465ee728b)
Start importing Assets/SampleSceneAssets/Settings/Volumes/VolumeRoom3Sitting.asset using Guid(7bca3a07cdd522c4c8020832c20b3eae) Importer(815301076,1909f56bfc062723c751e8b465ee728b)  -> (artifact id: '8195dbcd9b414395cce7f8b6e2e74992') in 0.014462 seconds
  Import took 0.023195 seconds .

========================================================================
Received Import Request.
  Time since last request: 0.000246 seconds.
  path: Assets/SampleSceneAssets/Settings/Volumes/VolumeRoom3Corridor.asset
  artifactKey: Guid(1584bf21cf81d5147aa00e8a2deaf2fb) Importer(815301076,1909f56bfc062723c751e8b465ee728b)
Start importing Assets/SampleSceneAssets/Settings/Volumes/VolumeRoom3Corridor.asset using Guid(1584bf21cf81d5147aa00e8a2deaf2fb) Importer(815301076,1909f56bfc062723c751e8b465ee728b)  -> (artifact id: 'e21a18c0153898b791b42bc76a0ed1b2') in 0.015053 seconds
  Import took 0.025271 seconds .

========================================================================
Received Import Request.
  Time since last request: 0.000263 seconds.
  path: Assets/SampleSceneAssets/Settings/Volumes/VolumeRoom2Skylight.asset
  artifactKey: Guid(5727d3e07f75c3744b6cc8a1e55850a9) Importer(815301076,1909f56bfc062723c751e8b465ee728b)
Start importing Assets/SampleSceneAssets/Settings/Volumes/VolumeRoom2Skylight.asset using Guid(5727d3e07f75c3744b6cc8a1e55850a9) Importer(815301076,1909f56bfc062723c751e8b465ee728b)  -> (artifact id: 'f4c37aa3ac96be6c7b969759d6197a6f') in 0.014213 seconds
  Import took 0.022535 seconds .

========================================================================
Received Import Request.
  Time since last request: 0.000251 seconds.
  path: Assets/SampleSceneAssets/Settings/Volumes/VolumeRoom3.asset
  artifactKey: Guid(06114ad16a0bc0a41957375ac3bf472e) Importer(815301076,1909f56bfc062723c751e8b465ee728b)
Start importing Assets/SampleSceneAssets/Settings/Volumes/VolumeRoom3.asset using Guid(06114ad16a0bc0a41957375ac3bf472e) Importer(815301076,1909f56bfc062723c751e8b465ee728b)  -> (artifact id: '85adc0ea5a98816e0cb87c008386e7de') in 0.014242 seconds
  Import took 0.023727 seconds .

========================================================================
Received Import Request.
  Time since last request: 0.000295 seconds.
  path: Assets/SampleSceneAssets/Settings/Volumes/VolumeRoom2.asset
  artifactKey: Guid(d78a1b031ab26034eb6ec3cbc9fbcec3) Importer(815301076,1909f56bfc062723c751e8b465ee728b)
Start importing Assets/SampleSceneAssets/Settings/Volumes/VolumeRoom2.asset using Guid(d78a1b031ab26034eb6ec3cbc9fbcec3) Importer(815301076,1909f56bfc062723c751e8b465ee728b)  -> (artifact id: 'b675aa15090d1a37218356d262ee50f5') in 0.017474 seconds
  Import took 0.028033 seconds .

========================================================================
Received Import Request.
  Time since last request: 0.001476 seconds.
  path: Assets/SampleSceneAssets/Settings/Volumes/VolumeRoom3.asset
  artifactKey: Guid(06114ad16a0bc0a41957375ac3bf472e) Importer(815301076,1909f56bfc062723c751e8b465ee728b)
Start importing Assets/SampleSceneAssets/Settings/Volumes/VolumeRoom3.asset using Guid(06114ad16a0bc0a41957375ac3bf472e) Importer(815301076,1909f56bfc062723c751e8b465ee728b)  -> (artifact id: '85adc0ea5a98816e0cb87c008386e7de') in 0.004515 seconds
  Import took 0.013766 seconds .

